<?xml version="1.0" encoding="UTF-8"?>
<!-- Generated by org.testng.reporters.JUnitXMLReporter -->
<testsuite ignored="50" hostname="LAPTOP-BBP419K3" failures="0" tests="1" name="Default test" time="0.035" errors="0" timestamp="09 Dec 2024 05:02:10 GMT">
  <testcase classname="patternMatching.patternPrograms" name="pattern52" time="0.013"/>
  <testcase classname="patternMatching.patternPrograms" name="pattern4" time="0.0">
    <ignored/>
  </testcase> <!-- pattern4 -->
  <testcase classname="patternMatching.patternPrograms" name="pattern7" time="0.0">
    <ignored/>
  </testcase> <!-- pattern7 -->
  <testcase classname="patternMatching.patternPrograms" name="pattern10" time="0.0">
    <ignored/>
  </testcase> <!-- pattern10 -->
  <testcase classname="patternMatching.patternPrograms" name="pattern6" time="0.0">
    <ignored/>
  </testcase> <!-- pattern6 -->
  <testcase classname="patternMatching.patternPrograms" name="pattern9" time="0.0">
    <ignored/>
  </testcase> <!-- pattern9 -->
  <testcase classname="patternMatching.patternPrograms" name="pattern12" time="0.0">
    <ignored/>
  </testcase> <!-- pattern12 -->
  <testcase classname="patternMatching.patternPrograms" name="pattern3" time="0.0">
    <ignored/>
  </testcase> <!-- pattern3 -->
  <testcase classname="patternMatching.patternPrograms" name="pattern50" time="0.0">
    <ignored/>
  </testcase> <!-- pattern50 -->
  <testcase classname="patternMatching.patternPrograms" name="pattern2" time="0.0">
    <ignored/>
  </testcase> <!-- pattern2 -->
  <testcase classname="patternMatching.patternPrograms" name="pattern5" time="0.0">
    <ignored/>
  </testcase> <!-- pattern5 -->
  <testcase classname="patternMatching.patternPrograms" name="pattern8" time="0.0">
    <ignored/>
  </testcase> <!-- pattern8 -->
  <testcase classname="patternMatching.patternPrograms" name="pattern19" time="0.0">
    <ignored/>
  </testcase> <!-- pattern19 -->
  <testcase classname="patternMatching.patternPrograms" name="pattern15" time="0.0">
    <ignored/>
  </testcase> <!-- pattern15 -->
  <testcase classname="patternMatching.patternPrograms" name="pattern18" time="0.0">
    <ignored/>
  </testcase> <!-- pattern18 -->
  <testcase classname="patternMatching.patternPrograms" name="pattern17" time="0.0">
    <ignored/>
  </testcase> <!-- pattern17 -->
  <testcase classname="patternMatching.patternPrograms" name="pattern11" time="0.0">
    <ignored/>
  </testcase> <!-- pattern11 -->
  <testcase classname="patternMatching.patternPrograms" name="pattern14" time="0.0">
    <ignored/>
  </testcase> <!-- pattern14 -->
  <testcase classname="patternMatching.patternPrograms" name="pattern13" time="0.0">
    <ignored/>
  </testcase> <!-- pattern13 -->
  <testcase classname="patternMatching.patternPrograms" name="pattern16" time="0.0">
    <ignored/>
  </testcase> <!-- pattern16 -->
  <testcase classname="patternMatching.patternPrograms" name="pattern40" time="0.0">
    <ignored/>
  </testcase> <!-- pattern40 -->
  <testcase classname="patternMatching.patternPrograms" name="pattern43" time="0.0">
    <ignored/>
  </testcase> <!-- pattern43 -->
  <testcase classname="patternMatching.patternPrograms" name="pattern42" time="0.0">
    <ignored/>
  </testcase> <!-- pattern42 -->
  <testcase classname="patternMatching.patternPrograms" name="pattern45" time="0.0">
    <ignored/>
  </testcase> <!-- pattern45 -->
  <testcase classname="patternMatching.patternPrograms" name="pattern41" time="0.0">
    <ignored/>
  </testcase> <!-- pattern41 -->
  <testcase classname="patternMatching.patternPrograms" name="pattern48" time="0.0">
    <ignored/>
  </testcase> <!-- pattern48 -->
  <testcase classname="patternMatching.patternPrograms" name="pattern44" time="0.0">
    <ignored/>
  </testcase> <!-- pattern44 -->
  <testcase classname="patternMatching.patternPrograms" name="pattern47" time="0.0">
    <ignored/>
  </testcase> <!-- pattern47 -->
  <testcase classname="patternMatching.patternPrograms" name="pattern46" time="0.0">
    <ignored/>
  </testcase> <!-- pattern46 -->
  <testcase classname="patternMatching.patternPrograms" name="pattern49" time="0.0">
    <ignored/>
  </testcase> <!-- pattern49 -->
  <testcase classname="patternMatching.patternPrograms" name="pattern32" time="0.0">
    <ignored/>
  </testcase> <!-- pattern32 -->
  <testcase classname="patternMatching.patternPrograms" name="pattern31" time="0.0">
    <ignored/>
  </testcase> <!-- pattern31 -->
  <testcase classname="patternMatching.patternPrograms" name="pattern34" time="0.0">
    <ignored/>
  </testcase> <!-- pattern34 -->
  <testcase classname="patternMatching.patternPrograms" name="pattern30" time="0.0">
    <ignored/>
  </testcase> <!-- pattern30 -->
  <testcase classname="patternMatching.patternPrograms" name="pattern37" time="0.0">
    <ignored/>
  </testcase> <!-- pattern37 -->
  <testcase classname="patternMatching.patternPrograms" name="pattern39" time="0.0">
    <ignored/>
  </testcase> <!-- pattern39 -->
  <testcase classname="patternMatching.patternPrograms" name="pattern33" time="0.0">
    <ignored/>
  </testcase> <!-- pattern33 -->
  <testcase classname="patternMatching.patternPrograms" name="pattern36" time="0.0">
    <ignored/>
  </testcase> <!-- pattern36 -->
  <testcase classname="patternMatching.patternPrograms" name="pattern35" time="0.0">
    <ignored/>
  </testcase> <!-- pattern35 -->
  <testcase classname="patternMatching.patternPrograms" name="pattern38" time="0.0">
    <ignored/>
  </testcase> <!-- pattern38 -->
  <testcase classname="patternMatching.patternPrograms" name="pattern21" time="0.0">
    <ignored/>
  </testcase> <!-- pattern21 -->
  <testcase classname="patternMatching.patternPrograms" name="pattern20" time="0.0">
    <ignored/>
  </testcase> <!-- pattern20 -->
  <testcase classname="patternMatching.patternPrograms" name="pattern23" time="0.0">
    <ignored/>
  </testcase> <!-- pattern23 -->
  <testcase classname="patternMatching.patternPrograms" name="pattern26" time="0.0">
    <ignored/>
  </testcase> <!-- pattern26 -->
  <testcase classname="patternMatching.patternPrograms" name="pattern29" time="0.0">
    <ignored/>
  </testcase> <!-- pattern29 -->
  <testcase classname="patternMatching.patternPrograms" name="pattern28" time="0.0">
    <ignored/>
  </testcase> <!-- pattern28 -->
  <testcase classname="patternMatching.patternPrograms" name="pattern1" time="0.0">
    <ignored/>
  </testcase> <!-- pattern1 -->
  <testcase classname="patternMatching.patternPrograms" name="pattern22" time="0.0">
    <ignored/>
  </testcase> <!-- pattern22 -->
  <testcase classname="patternMatching.patternPrograms" name="pattern25" time="0.0">
    <ignored/>
  </testcase> <!-- pattern25 -->
  <testcase classname="patternMatching.patternPrograms" name="pattern24" time="0.0">
    <ignored/>
  </testcase> <!-- pattern24 -->
  <testcase classname="patternMatching.patternPrograms" name="pattern27" time="0.0">
    <ignored/>
  </testcase> <!-- pattern27 -->
</testsuite> <!-- Default test -->
