<?xml version="1.0" encoding="UTF-8"?>
<testng-results ignored="50" total="51" passed="1" failed="0" skipped="0">
  <reporter-output>
  </reporter-output>
  <suite started-at="2024-12-09T05:02:10Z" name="Default suite" finished-at="2024-12-09T05:02:10Z" duration-ms="35">
    <groups>
    </groups>
    <test started-at="2024-12-09T05:02:10Z" name="Default test" finished-at="2024-12-09T05:02:10Z" duration-ms="35">
      <class name="patternMatching.patternPrograms">
        <test-method signature="pattern52()[pri:0, instance:patternMatching.patternPrograms@7bd7d6d6]" started-at="2024-12-09T05:02:10Z" name="pattern52" finished-at="2024-12-09T05:02:10Z" duration-ms="13" status="PASS">
          <reporter-output>
          </reporter-output>
        </test-method> <!-- pattern52 -->
      </class> <!-- patternMatching.patternPrograms -->
    </test> <!-- Default test -->
  </suite> <!-- Default suite -->
</testng-results>
